# JRE version: OpenJDK Runtime Environment (17.0.9+9) (build 17.0.9+9-Ubuntu-122.04)
# Java VM: OpenJDK 64-Bit Server VM (17.0.9+9-Ubuntu-122.04, mixed mode, emulated-client, sharing, tiered, compressed oops, compressed class ptrs, g1 gc, linux-amd64)
GC Precious Log:
 CPUs: 16 total, 16 available
 Memory: 31814M
 Large Page Support: Disabled
 NUMA Support: Disabled
 Compressed Oops: Enabled (Zero based)
 Heap Region Size: 4M
 Heap Min Capacity: 8M
 Heap Initial Capacity: 500M
 Heap Max Capacity: 7956M
 Pre-touch: Disabled
 Parallel Workers: 13
 Concurrent Workers: 3
 Concurrent Refinement Workers: 13
 Periodic GC: Disabled
Heap:
 garbage-first heap   total 397312K, used 103131K [0x000000060ec00000, 0x0000000800000000)
  region size 4096K, 2 young (8192K), 1 survivors (4096K)
 Metaspace       used 107177K, committed 108032K, reserved 1179648K
  class space    used 14821K, committed 15232K, reserved 1048576K
GC Heap History (20 events):
Event: 2,262 GC heap before
{Heap before GC invocations=10 (full 0):
 garbage-first heap   total 397312K, used 103434K [0x000000060ec00000, 0x0000000800000000)
  region size 4096K, 7 young (28672K), 1 survivors (4096K)
 Metaspace       used 38626K, committed 39168K, reserved 1114112K
  class space    used 5649K, committed 5952K, reserved 1048576K
}
Event: 2,264 GC heap after
{Heap after GC invocations=11 (full 0):
 garbage-first heap   total 397312K, used 86753K [0x000000060ec00000, 0x0000000800000000)
  region size 4096K, 1 young (4096K), 1 survivors (4096K)
 Metaspace       used 38626K, committed 39168K, reserved 1114112K
  class space    used 5649K, committed 5952K, reserved 1048576K
}
Event: 3,086 GC heap before
{Heap before GC invocations=12 (full 0):
 garbage-first heap   total 356352K, used 254689K [0x000000060ec00000, 0x0000000800000000)
  region size 4096K, 43 young (176128K), 1 survivors (4096K)
 Metaspace       used 58769K, committed 59456K, reserved 1114112K
  class space    used 8479K, committed 8832K, reserved 1048576K
}
Event: 3,091 GC heap after
{Heap after GC invocations=13 (full 0):
 garbage-first heap   total 356352K, used 101271K [0x000000060ec00000, 0x0000000800000000)
  region size 4096K, 5 young (20480K), 5 survivors (20480K)
 Metaspace       used 58769K, committed 59456K, reserved 1114112K
  class space    used 8479K, committed 8832K, reserved 1048576K
}
Event: 3,125 GC heap before
{Heap before GC invocations=13 (full 0):
 garbage-first heap   total 356352K, used 105367K [0x000000060ec00000, 0x0000000800000000)
  region size 4096K, 6 young (24576K), 5 survivors (20480K)
 Metaspace       used 59860K, committed 60544K, reserved 1114112K
  class space    used 8590K, committed 8896K, reserved 1048576K
}
Event: 3,129 GC heap after
{Heap after GC invocations=14 (full 0):
 garbage-first heap   total 356352K, used 103359K [0x000000060ec00000, 0x0000000800000000)
  region size 4096K, 1 young (4096K), 1 survivors (4096K)
 Metaspace       used 59860K, committed 60544K, reserved 1114112K
  class space    used 8590K, committed 8896K, reserved 1048576K
}
Event: 3,284 GC heap before
{Heap before GC invocations=14 (full 0):
 garbage-first heap   total 356352K, used 111551K [0x000000060ec00000, 0x0000000800000000)
  region size 4096K, 4 young (16384K), 1 survivors (4096K)
 Metaspace       used 65915K, committed 66560K, reserved 1114112K
  class space    used 9333K, committed 9664K, reserved 1048576K
}
Event: 3,285 GC heap after
{Heap after GC invocations=15 (full 0):
 garbage-first heap   total 864256K, used 103231K [0x000000060ec00000, 0x0000000800000000)
  region size 4096K, 1 young (4096K), 1 survivors (4096K)
 Metaspace       used 65915K, committed 66560K, reserved 1114112K
  class space    used 9333K, committed 9664K, reserved 1048576K
}
Event: 121,638 GC heap before
{Heap before GC invocations=16 (full 0):
 garbage-first heap   total 397312K, used 336703K [0x000000060ec00000, 0x0000000800000000)
  region size 4096K, 60 young (245760K), 1 survivors (4096K)
 Metaspace       used 107073K, committed 107904K, reserved 1179648K
  class space    used 14783K, committed 15168K, reserved 1048576K
}
Event: 121,643 GC heap after
{Heap after GC invocations=17 (full 0):
 garbage-first heap   total 397312K, used 112963K [0x000000060ec00000, 0x0000000800000000)
  region size 4096K, 3 young (12288K), 3 survivors (12288K)
 Metaspace       used 107073K, committed 107904K, reserved 1179648K
  class space    used 14783K, committed 15168K, reserved 1048576K
}
Event: 122,808 GC heap before
{Heap before GC invocations=17 (full 0):
 garbage-first heap   total 397312K, used 117059K [0x000000060ec00000, 0x0000000800000000)
  region size 4096K, 4 young (16384K), 3 survivors (12288K)
 Metaspace       used 107078K, committed 107904K, reserved 1179648K
  class space    used 14785K, committed 15168K, reserved 1048576K
}
Event: 122,814 GC heap after
{Heap after GC invocations=18 (full 0):
 garbage-first heap   total 397312K, used 106369K [0x000000060ec00000, 0x0000000800000000)
  region size 4096K, 1 young (4096K), 1 survivors (4096K)
 Metaspace       used 107078K, committed 107904K, reserved 1179648K
  class space    used 14785K, committed 15168K, reserved 1048576K
}
Event: 140,001 GC heap before
{Heap before GC invocations=18 (full 0):
 garbage-first heap   total 397312K, used 286593K [0x000000060ec00000, 0x0000000800000000)
  region size 4096K, 45 young (184320K), 1 survivors (4096K)
 Metaspace       used 107109K, committed 107968K, reserved 1179648K
  class space    used 14789K, committed 15168K, reserved 1048576K
}
Event: 140,002 GC heap after
{Heap after GC invocations=19 (full 0):
 garbage-first heap   total 397312K, used 105041K [0x000000060ec00000, 0x0000000800000000)
  region size 4096K, 1 young (4096K), 1 survivors (4096K)
 Metaspace       used 107109K, committed 107968K, reserved 1179648K
  class space    used 14789K, committed 15168K, reserved 1048576K
}
Event: 160,806 GC heap before
{Heap before GC invocations=20 (full 0):
 garbage-first heap   total 397312K, used 297553K [0x000000060ec00000, 0x0000000800000000)
  region size 4096K, 48 young (196608K), 1 survivors (4096K)
 Metaspace       used 107112K, committed 107968K, reserved 1179648K
  class space    used 14790K, committed 15168K, reserved 1048576K
}
Event: 160,807 GC heap after
{Heap after GC invocations=21 (full 0):
 garbage-first heap   total 397312K, used 104869K [0x000000060ec00000, 0x0000000800000000)
  region size 4096K, 1 young (4096K), 1 survivors (4096K)
 Metaspace       used 107112K, committed 107968K, reserved 1179648K
  class space    used 14790K, committed 15168K, reserved 1048576K
}
Event: 162,673 GC heap before
{Heap before GC invocations=21 (full 0):
 garbage-first heap   total 397312K, used 117157K [0x000000060ec00000, 0x0000000800000000)
  region size 4096K, 4 young (16384K), 1 survivors (4096K)
 Metaspace       used 107112K, committed 107968K, reserved 1179648K
  class space    used 14790K, committed 15168K, reserved 1048576K
}
Event: 162,676 GC heap after
{Heap after GC invocations=22 (full 0):
 garbage-first heap   total 397312K, used 103023K [0x000000060ec00000, 0x0000000800000000)
  region size 4096K, 1 young (4096K), 1 survivors (4096K)
 Metaspace       used 107112K, committed 107968K, reserved 1179648K
  class space    used 14790K, committed 15168K, reserved 1048576K
}
Event: 2323,490 GC heap before
{Heap before GC invocations=22 (full 0):
 garbage-first heap   total 397312K, used 303727K [0x000000060ec00000, 0x0000000800000000)
  region size 4096K, 50 young (204800K), 1 survivors (4096K)
 Metaspace       used 107177K, committed 108032K, reserved 1179648K
  class space    used 14821K, committed 15232K, reserved 1048576K
}
Event: 2323,492 GC heap after
{Heap after GC invocations=23 (full 0):
 garbage-first heap   total 397312K, used 103131K [0x000000060ec00000, 0x0000000800000000)
  region size 4096K, 1 young (4096K), 1 survivors (4096K)
 Metaspace       used 107177K, committed 108032K, reserved 1179648K
  class space    used 14821K, committed 15232K, reserved 1048576K
}

